Determining if the pthread_create exist failed with the following output:
Change Dir: /home/agentomek/CLionProjects/PRy/cmake-build-debug/CMakeFiles/CMakeTmp

Run Build Command:"/usr/bin/make" "cmTC_c402d/fast"
/usr/bin/make -f CMakeFiles/cmTC_c402d.dir/build.make CMakeFiles/cmTC_c402d.dir/build
make[1]: Wejście do katalogu '/home/agentomek/CLionProjects/PRy/cmake-build-debug/CMakeFiles/CMakeTmp'
Building C object CMakeFiles/cmTC_c402d.dir/CheckSymbolExists.c.o
/usr/bin/cc     -o CMakeFiles/cmTC_c402d.dir/CheckSymbolExists.c.o   -c /home/agentomek/CLionProjects/PRy/cmake-build-debug/CMakeFiles/CMakeTmp/CheckSymbolExists.c
Linking C executable cmTC_c402d
/home/agentomek/Dokumenty/clion-2016.3.2/bin/cmake/bin/cmake -E cmake_link_script CMakeFiles/cmTC_c402d.dir/link.txt --verbose=1
/usr/bin/cc       CMakeFiles/cmTC_c402d.dir/CheckSymbolExists.c.o  -o cmTC_c402d -rdynamic 
CMakeFiles/cmTC_c402d.dir/CheckSymbolExists.c.o: In function `main':
CheckSymbolExists.c:(.text+0x16): undefined reference to `pthread_create'
collect2: error: ld returned 1 exit status
CMakeFiles/cmTC_c402d.dir/build.make:97: polecenia dla obiektu 'cmTC_c402d' nie powiodły się
make[1]: *** [cmTC_c402d] Błąd 1
make[1]: Opuszczenie katalogu '/home/agentomek/CLionProjects/PRy/cmake-build-debug/CMakeFiles/CMakeTmp'
Makefile:126: polecenia dla obiektu 'cmTC_c402d/fast' nie powiodły się
make: *** [cmTC_c402d/fast] Błąd 2

File /home/agentomek/CLionProjects/PRy/cmake-build-debug/CMakeFiles/CMakeTmp/CheckSymbolExists.c:
/* */
#include <pthread.h>

int main(int argc, char** argv)
{
  (void)argv;
#ifndef pthread_create
  return ((int*)(&pthread_create))[argc];
#else
  (void)argc;
  return 0;
#endif
}

Determining if the function pthread_create exists in the pthreads failed with the following output:
Change Dir: /home/agentomek/CLionProjects/PRy/cmake-build-debug/CMakeFiles/CMakeTmp

Run Build Command:"/usr/bin/make" "cmTC_8401c/fast"
/usr/bin/make -f CMakeFiles/cmTC_8401c.dir/build.make CMakeFiles/cmTC_8401c.dir/build
make[1]: Wejście do katalogu '/home/agentomek/CLionProjects/PRy/cmake-build-debug/CMakeFiles/CMakeTmp'
Building C object CMakeFiles/cmTC_8401c.dir/CheckFunctionExists.c.o
/usr/bin/cc    -DCHECK_FUNCTION_EXISTS=pthread_create   -o CMakeFiles/cmTC_8401c.dir/CheckFunctionExists.c.o   -c /home/agentomek/Dokumenty/clion-2016.3.2/bin/cmake/share/cmake-3.6/Modules/CheckFunctionExists.c
Linking C executable cmTC_8401c
/home/agentomek/Dokumenty/clion-2016.3.2/bin/cmake/bin/cmake -E cmake_link_script CMakeFiles/cmTC_8401c.dir/link.txt --verbose=1
/usr/bin/cc   -DCHECK_FUNCTION_EXISTS=pthread_create    CMakeFiles/cmTC_8401c.dir/CheckFunctionExists.c.o  -o cmTC_8401c -rdynamic -lpthreads 
/usr/bin/ld: cannot find -lpthreads
collect2: error: ld returned 1 exit status
CMakeFiles/cmTC_8401c.dir/build.make:97: polecenia dla obiektu 'cmTC_8401c' nie powiodły się
make[1]: *** [cmTC_8401c] Błąd 1
make[1]: Opuszczenie katalogu '/home/agentomek/CLionProjects/PRy/cmake-build-debug/CMakeFiles/CMakeTmp'
Makefile:126: polecenia dla obiektu 'cmTC_8401c/fast' nie powiodły się
make: *** [cmTC_8401c/fast] Błąd 2


